Arguments: 
  C:\Program Files\nodejs\node.exe C:\Users\PC\AppData\Local\node\corepack\yarn\1.22.19\bin\yarn.js add socket.io-client

PATH: 
  C:\Users\PC\bin;C:\Program Files\Git\mingw64\bin;C:\Program Files\Git\usr\local\bin;C:\Program Files\Git\usr\bin;C:\Program Files\Git\usr\bin;C:\Program Files\Git\mingw64\bin;C:\Program Files\Git\usr\bin;C:\Users\PC\bin;C:\Program Files (x86)\Razer Chroma SDK\bin;C:\Program Files\Razer Chroma SDK\bin;C:\Program Files (x86)\Razer\ChromaBroadcast\bin;C:\Program Files\Razer\ChromaBroadcast\bin;C:\Python311\Scripts;C:\Python311;C:\Windows\system32;C:\Windows;C:\Windows\System32\Wbem;C:\Windows\System32\WindowsPowerShell\v1.0;C:\Windows\System32\OpenSSH;C:\Program Files (x86)\NVIDIA Corporation\PhysX\Common;C:\Program Files\NVIDIA Corporation\NVIDIA NvDLISR;C:\ProgramData\chocolatey\bin;C:\WINDOWS\system32;C:\WINDOWS;C:\WINDOWS\System32\Wbem;C:\WINDOWS\System32\WindowsPowerShell\v1.0;C:\WINDOWS\System32\OpenSSH;C:\WINDOWS\system32\config\systemprofile\AppData\Local\Microsoft\WindowsApps;C:\Users\angel\.console-ninja\.bin;C:\Users\angel\.console-ninja\.bin;C:\Users\angel\AppData\Local\Microsoft\WindowsApps;C:\Users\angel\AppData\Local\Programs\Microsoft VS Code\bin;C:\Users\angel\AppData\Local\Programs\Git\cmd;C:\Users\angel\AppData\Roaming\npm;C:\Program Files\dotnet;C:\Program Files\GitHub CLI;C:\Program Files\Docker\Docker\resources\bin;C:\Users\PC\AppData\Roaming\nvm;C:\Program Files\nodejs;C:\Program Files\Git\cmd;C:\Users\PC\AppData\Local\Microsoft\WindowsApps;C:\Users\PC\AppData\Local\Programs\Microsoft VS Code\bin;C:\Users\PC\AppData\Roaming\npm;C:\Users\PC\AppData\Roaming\nvm;C:\Program Files\nodejs;C:\Program Files\Git\usr\bin\vendor_perl;C:\Program Files\Git\usr\bin\core_perl

Yarn version: 
  1.22.19

Node version: 
  18.17.0

Platform: 
  win32 x64

Trace: 
  Error: ENOENT: no such file or directory, copyfile 'C:\Users\PC\AppData\Local\Yarn\Cache\v6\npm-glob-parent-6.0.2-6d237d99083950c79290f24c7642a3de9a28f9e3-integrity\node_modules\glob-parent\index.js' -> 'C:\Users\PC\stackit\stackit-website-v3\node_modules\eslint\node_modules\glob-parent\index.js'

npm manifest: 
  {
  	"dependencies": {
  		"@fortawesome/fontawesome-free": "6.4.2",
  		"@fortawesome/free-brands-svg-icons": "6.4.2",
  		"@fortawesome/free-solid-svg-icons": "6.4.2",
  		"daisyui": "4.4.2",
  		"resend": "^2.0.0",
  		"svelte-awesome": "3.2.1",
  		"svelte-fa": "3.0.4",
  		"zod": "^3.22.4"
  	},
  	"devDependencies": {
  		"@fontsource/fira-mono": "5.0.8",
  		"@neoconfetti/svelte": "1.0.0",
  		"@playwright/test": "1.40.0",
  		"@sveltejs/adapter-auto": "2.1.1",
  		"@sveltejs/adapter-netlify": "2.0.8",
  		"@sveltejs/kit": "1.27.6",
  		"@types/cookie": "0.5.4",
  		"@typescript-eslint/eslint-plugin": "6.12.0",
  		"@typescript-eslint/parser": "6.12.0",
  		"autoprefixer": "10.4.16",
  		"eslint": "8.54.0",
  		"eslint-config-prettier": "9.0.0",
  		"eslint-plugin-svelte": "2.35.1",
  		"postcss": "8.4.31",
  		"prettier": "3.1.0",
  		"prettier-plugin-svelte": "3.1.2",
  		"svelte": "4.2.7",
  		"svelte-check": "3.6.1",
  		"svelte-recaptcha-v2": "^0.0.2",
  		"tailwindcss": "3.3.5",
  		"tslib": "2.6.2",
  		"typescript": "5.3.2",
  		"vite": "4.0.0",
  		"vitest": "0.34.6"
  	},
  	"name": "stackit-website-v3",
  	"scripts": {
  		"build": "vite build",
  		"check": "svelte-kit sync && svelte-check --tsconfig ./tsconfig.json",
  		"check:watch": "svelte-kit sync && svelte-check --tsconfig ./tsconfig.json --watch",
  		"dev": "vite dev",
  		"format": "prettier --plugin-search-dir . --write .",
  		"lint": "prettier --plugin-search-dir . --check . && eslint .",
  		"preview": "vite preview",
  		"test": "npm run test:integration && npm run test:unit",
  		"test:integration": "playwright test",
  		"test:unit": "vitest"
  	},
  	"type": "module",
  	"version": "0.0.1"
  }

yarn manifest: 
  No manifest

Lockfile: 
  No lockfile
